[ 47%] Built target generate_ros_code
[ 52%] [32mBuilding CXX object CMakeFiles/v_repExtRosInterface.dir/src/vrep_ros_interface.cpp.o[0m
[ 57%] [32mBuilding CXX object CMakeFiles/v_repExtRosInterface.dir/generated/ros_msg_io.cpp.o[0m
[ 61%] [32mBuilding CXX object CMakeFiles/v_repExtRosInterface.dir/generated/ros_srv_io.cpp.o[0m
In file included from [01m[K/home/vrep/MultiRobot/ros_workspace/followROS/src/vrep_ros_interface/include/vrep_ros_interface.h:76:0[m[K,
                 from [01m[K/home/vrep/MultiRobot/ros_workspace/followROS/src/vrep_ros_interface/src/vrep_ros_interface.cpp:1[m[K:
[01m[K/home/vrep/MultiRobot/ros_workspace/followROS/build/vrep_ros_interface/generated/ros_msg_io.h:92:10:[m[K [01;31m[Kfatal error: [m[KlightFollower/sensorMsg.h: No such file or directory
 #include [01;31m[K<lightFollower/sensorMsg.h>[m[K
          [01;31m[K^~~~~~~~~~~~~~~~~~~~~~~~~~~[m[K
compilation terminated.
In file included from [01m[K/home/vrep/MultiRobot/ros_workspace/followROS/build/vrep_ros_interface/generated/ros_srv_io.cpp:1:0[m[K:
[01m[K/home/vrep/MultiRobot/ros_workspace/followROS/build/vrep_ros_interface/generated/ros_msg_io.h:92:10:[m[K [01;31m[Kfatal error: [m[KlightFollower/sensorMsg.h: No such file or directory
 #include [01;31m[K<lightFollower/sensorMsg.h>[m[K
          [01;31m[K^~~~~~~~~~~~~~~~~~~~~~~~~~~[m[K
compilation terminated.
CMakeFiles/v_repExtRosInterface.dir/build.make:84: recipe for target 'CMakeFiles/v_repExtRosInterface.dir/src/vrep_ros_interface.cpp.o' failed
make[2]: *** [CMakeFiles/v_repExtRosInterface.dir/src/vrep_ros_interface.cpp.o] Error 1
make[2]: *** Waiting for unfinished jobs....
CMakeFiles/v_repExtRosInterface.dir/build.make:228: recipe for target 'CMakeFiles/v_repExtRosInterface.dir/generated/ros_srv_io.cpp.o' failed
make[2]: *** [CMakeFiles/v_repExtRosInterface.dir/generated/ros_srv_io.cpp.o] Error 1
In file included from [01m[K/home/vrep/MultiRobot/ros_workspace/followROS/build/vrep_ros_interface/generated/ros_msg_io.cpp:1:0[m[K:
[01m[K/home/vrep/MultiRobot/ros_workspace/followROS/build/vrep_ros_interface/generated/ros_msg_io.h:92:10:[m[K [01;31m[Kfatal error: [m[KlightFollower/sensorMsg.h: No such file or directory
 #include [01;31m[K<lightFollower/sensorMsg.h>[m[K
          [01;31m[K^~~~~~~~~~~~~~~~~~~~~~~~~~~[m[K
compilation terminated.
CMakeFiles/v_repExtRosInterface.dir/build.make:204: recipe for target 'CMakeFiles/v_repExtRosInterface.dir/generated/ros_msg_io.cpp.o' failed
make[2]: *** [CMakeFiles/v_repExtRosInterface.dir/generated/ros_msg_io.cpp.o] Error 1
CMakeFiles/Makefile2:2883: recipe for target 'CMakeFiles/v_repExtRosInterface.dir/all' failed
make[1]: *** [CMakeFiles/v_repExtRosInterface.dir/all] Error 2
Makefile:140: recipe for target 'all' failed
make: *** [all] Error 2
