[  4%] [34m[1mGenerating generated/adv.cpp[0m
[  9%] [34m[1mGenerating generated/pub.cpp[0m
[ 14%] [34m[1mGenerating generated/ros_msg_io.cpp[0m
WARNING: bad msg: driver_base/ConfigString
WARNING: bad msg: driver_base/ConfigValue
WARNING: bad msg: driver_base/ConfigString
WARNING: bad msg: driver_base/ConfigString
WARNING: bad msg: driver_base/SensorLevels
WARNING: bad msg: driver_base/ConfigValue
WARNING: bad msg: driver_base/ConfigValue
WARNING: bad msg: driver_base/SensorLevels
WARNING: bad msg: driver_base/SensorLevels
WARNING: bad msg: follower_pgk/sensor_msg
WARNING: bad msg: follower_pgk/sensor_msg
WARNING: bad msg: follower_pgk/sensor_msg
[ 19%] [34m[1mGenerating generated/ros_msg_io.h[0m
[ 23%] [34m[1mGenerating generated/ros_srv_io.cpp[0m
WARNING: bad msg: driver_base/ConfigString
WARNING: bad msg: driver_base/ConfigString
WARNING: bad msg: driver_base/ConfigValue
WARNING: bad msg: driver_base/ConfigValue
WARNING: bad msg: driver_base/SensorLevels
WARNING: bad msg: driver_base/SensorLevels
[ 28%] [34m[1mGenerating generated/ros_srv_io.h[0m
WARNING: bad msg: follower_pgk/sensor_msg
WARNING: bad msg: follower_pgk/sensor_msg
[ 33%] [34m[1mGenerating generated/srvcall.cpp[0m
[ 38%] [34m[1mGenerating generated/srvcli.cpp[0m
[ 42%] [34m[1mGenerating generated/srvsrv.cpp[0m
[ 47%] [34m[1mGenerating generated/sub.cpp[0m
WARNING: bad msg: driver_base/ConfigString
WARNING: bad msg: driver_base/ConfigValue
WARNING: bad msg: driver_base/SensorLevels
WARNING: bad msg: follower_pgk/sensor_msg
WARNING: bad msg: driver_base/ConfigString
WARNING: bad msg: driver_base/ConfigValue
WARNING: bad msg: driver_base/SensorLevels
WARNING: bad msg: follower_pgk/sensor_msg
[ 47%] Built target generate_ros_code
[35m[1mScanning dependencies of target v_repExtRosInterface[0m
[ 57%] [32mBuilding CXX object CMakeFiles/v_repExtRosInterface.dir/src/vrep_ros_interface.cpp.o[0m
[ 57%] [32mBuilding CXX object CMakeFiles/v_repExtRosInterface.dir/generated/ros_msg_io.cpp.o[0m
[ 61%] [32mBuilding CXX object CMakeFiles/v_repExtRosInterface.dir/generated/ros_srv_io.cpp.o[0m
[ 66%] [32m[1mLinking CXX shared library /home/vrep/MultiRobot/ros_workspace/followROS/devel/.private/vrep_ros_interface/lib/libv_repExtRosInterface.so[0m
[100%] Built target v_repExtRosInterface
