Determining if the pthread_create exist failed with the following output:
Change Dir: /home/vrep/MultiRobot/ros_workspace/followROS/build/vrep_ros_interface/CMakeFiles/CMakeTmp

Run Build Command:"/usr/bin/make" "cmTC_00c71/fast"
/usr/bin/make -f CMakeFiles/cmTC_00c71.dir/build.make CMakeFiles/cmTC_00c71.dir/build
make[1]: Entering directory '/home/vrep/MultiRobot/ros_workspace/followROS/build/vrep_ros_interface/CMakeFiles/CMakeTmp'
Building C object CMakeFiles/cmTC_00c71.dir/CheckSymbolExists.c.o
/usr/bin/cc    -o CMakeFiles/cmTC_00c71.dir/CheckSymbolExists.c.o   -c /home/vrep/MultiRobot/ros_workspace/followROS/build/vrep_ros_interface/CMakeFiles/CMakeTmp/CheckSymbolExists.c
Linking C executable cmTC_00c71
/usr/local/lib/python2.7/dist-packages/cmake/data/bin/cmake -E cmake_link_script CMakeFiles/cmTC_00c71.dir/link.txt --verbose=1
/usr/bin/cc      -rdynamic CMakeFiles/cmTC_00c71.dir/CheckSymbolExists.c.o  -o cmTC_00c71 
CMakeFiles/cmTC_00c71.dir/CheckSymbolExists.c.o: In function `main':
CheckSymbolExists.c:(.text+0x1b): undefined reference to `pthread_create'
collect2: error: ld returned 1 exit status
CMakeFiles/cmTC_00c71.dir/build.make:97: recipe for target 'cmTC_00c71' failed
make[1]: *** [cmTC_00c71] Error 1
make[1]: Leaving directory '/home/vrep/MultiRobot/ros_workspace/followROS/build/vrep_ros_interface/CMakeFiles/CMakeTmp'
Makefile:126: recipe for target 'cmTC_00c71/fast' failed
make: *** [cmTC_00c71/fast] Error 2

File /home/vrep/MultiRobot/ros_workspace/followROS/build/vrep_ros_interface/CMakeFiles/CMakeTmp/CheckSymbolExists.c:
/* */
#include <pthread.h>

int main(int argc, char** argv)
{
  (void)argv;
#ifndef pthread_create
  return ((int*)(&pthread_create))[argc];
#else
  (void)argc;
  return 0;
#endif
}

Determining if the function pthread_create exists in the pthreads failed with the following output:
Change Dir: /home/vrep/MultiRobot/ros_workspace/followROS/build/vrep_ros_interface/CMakeFiles/CMakeTmp

Run Build Command:"/usr/bin/make" "cmTC_8b02f/fast"
/usr/bin/make -f CMakeFiles/cmTC_8b02f.dir/build.make CMakeFiles/cmTC_8b02f.dir/build
make[1]: Entering directory '/home/vrep/MultiRobot/ros_workspace/followROS/build/vrep_ros_interface/CMakeFiles/CMakeTmp'
Building C object CMakeFiles/cmTC_8b02f.dir/CheckFunctionExists.c.o
/usr/bin/cc   -DCHECK_FUNCTION_EXISTS=pthread_create   -o CMakeFiles/cmTC_8b02f.dir/CheckFunctionExists.c.o   -c /usr/local/lib/python2.7/dist-packages/cmake/data/share/cmake-3.9/Modules/CheckFunctionExists.c
Linking C executable cmTC_8b02f
/usr/local/lib/python2.7/dist-packages/cmake/data/bin/cmake -E cmake_link_script CMakeFiles/cmTC_8b02f.dir/link.txt --verbose=1
/usr/bin/cc  -DCHECK_FUNCTION_EXISTS=pthread_create    -rdynamic CMakeFiles/cmTC_8b02f.dir/CheckFunctionExists.c.o  -o cmTC_8b02f -lpthreads 
/usr/bin/ld: cannot find -lpthreads
collect2: error: ld returned 1 exit status
CMakeFiles/cmTC_8b02f.dir/build.make:97: recipe for target 'cmTC_8b02f' failed
make[1]: *** [cmTC_8b02f] Error 1
make[1]: Leaving directory '/home/vrep/MultiRobot/ros_workspace/followROS/build/vrep_ros_interface/CMakeFiles/CMakeTmp'
Makefile:126: recipe for target 'cmTC_8b02f/fast' failed
make: *** [cmTC_8b02f/fast] Error 2


