[36m--[0m Using CATKIN_DEVEL_PREFIX: /home/vrep/ros_workspaces/bub/devel/.private/vrep_plugin_skeleton
[36m--[0m Using CMAKE_PREFIX_PATH: /home/vrep/ros_workspaces/bub/devel;/home/vrep/ros_workspaces/bubble/devel;/opt/ros/melodic
[36m--[0m This workspace overlays: /home/vrep/ros_workspaces/bub/devel;/home/vrep/ros_workspaces/bubble/devel;/opt/ros/melodic
[36m--[0m Found PythonInterp: /usr/bin/python2 (found suitable version "2.7.15", minimum required is "2")
[36m--[0m Using PYTHON_EXECUTABLE: /usr/bin/python2
[36m--[0m Using Debian Python package layout
[36m--[0m Using empy: /usr/bin/empy
[36m--[0m Using CATKIN_ENABLE_TESTING: ON
[36m--[0m Call enable_testing()
[36m--[0m Using CATKIN_TEST_RESULTS_DIR: /home/vrep/ros_workspaces/bub/build/vrep_plugin_skeleton/test_results
[36m--[0m Found gmock sources under '/usr/src/googletest': gmock will be built
[36m--[0m Found PythonInterp: /usr/bin/python2 (found version "2.7.15")
[36m--[0m Found gtest sources under '/usr/src/googletest': gtests will be built
[36m--[0m Using Python nosetests: /usr/bin/nosetests-2.7
[36m--[0m catkin 0.7.17
[36m--[0m BUILD_SHARED_LIBS is on
[33m[1mCMake Warning[0m at /opt/ros/melodic/share/catkin/cmake/catkin_package.cmake:166 (message):
  catkin_package() DEPENDS on 'roslib' but neither 'roslib_INCLUDE_DIRS' nor
  'roslib_LIBRARIES' is defined.
[36mCall Stack (most recent call first):[0m
  /opt/ros/melodic/share/catkin/cmake/catkin_package.cmake:102 (_catkin_package)
  CMakeLists.txt:8 (catkin_package)


[36m--[0m Configuring done
[36m--[0m Generating done
[36m--[0m Build files have been written to: /home/vrep/ros_workspaces/bub/build/vrep_plugin_skeleton
