[  0%] Built target vrep_skeleton_msg_and_srv_generate_messages_py
[  0%] Built target std_msgs_generate_messages_eus
[  0%] Built target roscpp_generate_messages_py
[  0%] Built target rosgraph_msgs_generate_messages_eus
[  0%] Built target std_msgs_generate_messages_nodejs
[  0%] Built target roscpp_generate_messages_cpp
[  0%] Built target vrep_skeleton_msg_and_srv_generate_messages_nodejs
[  0%] Built target vrep_skeleton_msg_and_srv_generate_messages_eus
[  0%] Built target roscpp_generate_messages_eus
[  0%] Built target vrep_skeleton_msg_and_srv_generate_messages_cpp
[  0%] Built target std_msgs_generate_messages_cpp
[  0%] Built target rosgraph_msgs_generate_messages_cpp
[  0%] Built target vrep_skeleton_msg_and_srv_generate_messages_lisp
[  0%] Built target std_msgs_generate_messages_lisp
[  0%] Built target rosgraph_msgs_generate_messages_nodejs
[  0%] Built target roscpp_generate_messages_nodejs
[  0%] Built target rosgraph_msgs_generate_messages_lisp
[  0%] Built target rosgraph_msgs_generate_messages_py
[  0%] Built target std_msgs_generate_messages_py
[  0%] Built target roscpp_generate_messages_lisp
[ 25%] [32m[1mLinking CXX shared library /home/vrep/ros_workspaces/bub/devel/.private/vrep_plugin_skeleton/lib/libv_repExtRosSkeleton.so[0m
[100%] Built target v_repExtRosSkeleton
