Determining if the pthread_create exist failed with the following output:
Change Dir: /home/vrep/MultiRobot/ros_workspace/followROS/build/follwer_pkg/CMakeFiles/CMakeTmp

Run Build Command:"/usr/bin/make" "cmTC_55830/fast"
/usr/bin/make -f CMakeFiles/cmTC_55830.dir/build.make CMakeFiles/cmTC_55830.dir/build
make[1]: Entering directory '/home/vrep/MultiRobot/ros_workspace/followROS/build/follwer_pkg/CMakeFiles/CMakeTmp'
Building C object CMakeFiles/cmTC_55830.dir/CheckSymbolExists.c.o
/usr/bin/cc    -o CMakeFiles/cmTC_55830.dir/CheckSymbolExists.c.o   -c /home/vrep/MultiRobot/ros_workspace/followROS/build/follwer_pkg/CMakeFiles/CMakeTmp/CheckSymbolExists.c
Linking C executable cmTC_55830
/usr/local/lib/python2.7/dist-packages/cmake/data/bin/cmake -E cmake_link_script CMakeFiles/cmTC_55830.dir/link.txt --verbose=1
/usr/bin/cc      -rdynamic CMakeFiles/cmTC_55830.dir/CheckSymbolExists.c.o  -o cmTC_55830 
CMakeFiles/cmTC_55830.dir/CheckSymbolExists.c.o: In function `main':
CheckSymbolExists.c:(.text+0x1b): undefined reference to `pthread_create'
collect2: error: ld returned 1 exit status
CMakeFiles/cmTC_55830.dir/build.make:97: recipe for target 'cmTC_55830' failed
make[1]: *** [cmTC_55830] Error 1
make[1]: Leaving directory '/home/vrep/MultiRobot/ros_workspace/followROS/build/follwer_pkg/CMakeFiles/CMakeTmp'
Makefile:126: recipe for target 'cmTC_55830/fast' failed
make: *** [cmTC_55830/fast] Error 2

File /home/vrep/MultiRobot/ros_workspace/followROS/build/follwer_pkg/CMakeFiles/CMakeTmp/CheckSymbolExists.c:
/* */
#include <pthread.h>

int main(int argc, char** argv)
{
  (void)argv;
#ifndef pthread_create
  return ((int*)(&pthread_create))[argc];
#else
  (void)argc;
  return 0;
#endif
}

Determining if the function pthread_create exists in the pthreads failed with the following output:
Change Dir: /home/vrep/MultiRobot/ros_workspace/followROS/build/follwer_pkg/CMakeFiles/CMakeTmp

Run Build Command:"/usr/bin/make" "cmTC_f66b8/fast"
/usr/bin/make -f CMakeFiles/cmTC_f66b8.dir/build.make CMakeFiles/cmTC_f66b8.dir/build
make[1]: Entering directory '/home/vrep/MultiRobot/ros_workspace/followROS/build/follwer_pkg/CMakeFiles/CMakeTmp'
Building C object CMakeFiles/cmTC_f66b8.dir/CheckFunctionExists.c.o
/usr/bin/cc   -DCHECK_FUNCTION_EXISTS=pthread_create   -o CMakeFiles/cmTC_f66b8.dir/CheckFunctionExists.c.o   -c /usr/local/lib/python2.7/dist-packages/cmake/data/share/cmake-3.9/Modules/CheckFunctionExists.c
Linking C executable cmTC_f66b8
/usr/local/lib/python2.7/dist-packages/cmake/data/bin/cmake -E cmake_link_script CMakeFiles/cmTC_f66b8.dir/link.txt --verbose=1
/usr/bin/cc  -DCHECK_FUNCTION_EXISTS=pthread_create    -rdynamic CMakeFiles/cmTC_f66b8.dir/CheckFunctionExists.c.o  -o cmTC_f66b8 -lpthreads 
/usr/bin/ld: cannot find -lpthreads
collect2: error: ld returned 1 exit status
CMakeFiles/cmTC_f66b8.dir/build.make:97: recipe for target 'cmTC_f66b8' failed
make[1]: *** [cmTC_f66b8] Error 1
make[1]: Leaving directory '/home/vrep/MultiRobot/ros_workspace/followROS/build/follwer_pkg/CMakeFiles/CMakeTmp'
Makefile:126: recipe for target 'cmTC_f66b8/fast' failed
make: *** [cmTC_f66b8/fast] Error 2


