[35m[1mScanning dependencies of target _lightFollower_generate_messages_check_deps_sensorMsg[0m
[35m[1mScanning dependencies of target std_msgs_generate_messages_eus[0m
[35m[1mScanning dependencies of target geometry_msgs_generate_messages_eus[0m
[  0%] Built target geometry_msgs_generate_messages_eus
[  0%] Built target std_msgs_generate_messages_eus
[35m[1mScanning dependencies of target geometry_msgs_generate_messages_nodejs[0m
[35m[1mScanning dependencies of target std_msgs_generate_messages_nodejs[0m
[  0%] Built target geometry_msgs_generate_messages_nodejs
[  0%] Built target std_msgs_generate_messages_nodejs
[35m[1mScanning dependencies of target std_msgs_generate_messages_lisp[0m
[35m[1mScanning dependencies of target geometry_msgs_generate_messages_lisp[0m
[  0%] Built target std_msgs_generate_messages_lisp
[  0%] Built target geometry_msgs_generate_messages_lisp
[35m[1mScanning dependencies of target std_msgs_generate_messages_cpp[0m
[35m[1mScanning dependencies of target geometry_msgs_generate_messages_cpp[0m
[  0%] Built target _lightFollower_generate_messages_check_deps_sensorMsg
[  0%] Built target std_msgs_generate_messages_cpp
[  0%] Built target geometry_msgs_generate_messages_cpp
[35m[1mScanning dependencies of target std_msgs_generate_messages_py[0m
[35m[1mScanning dependencies of target geometry_msgs_generate_messages_py[0m
[35m[1mScanning dependencies of target lightFollower_generate_messages_eus[0m
[  0%] Built target std_msgs_generate_messages_py
[  0%] Built target geometry_msgs_generate_messages_py
[ 14%] [34m[1mGenerating EusLisp code from lightFollower/sensorMsg.msg[0m
[ 28%] [34m[1mGenerating EusLisp manifest code for lightFollower[0m
[35m[1mScanning dependencies of target lightFollower_generate_messages_nodejs[0m
[ 42%] [34m[1mGenerating Javascript code from lightFollower/sensorMsg.msg[0m
WARNING: Package name "lightFollower" does not follow the naming conventions. It should start with a lower case letter and only contain lower case letters, digits, underscores, and dashes.
WARNING: Package name "lightFollower" does not follow the naming conventions. It should start with a lower case letter and only contain lower case letters, digits, underscores, and dashes.
[ 42%] Built target lightFollower_generate_messages_nodejs
[35m[1mScanning dependencies of target lightFollower_generate_messages_lisp[0m
[ 57%] [34m[1mGenerating Lisp code from lightFollower/sensorMsg.msg[0m
[35m[1mScanning dependencies of target lightFollower_generate_messages_cpp[0m
[ 71%] [34m[1mGenerating C++ code from lightFollower/sensorMsg.msg[0m
[ 71%] Built target lightFollower_generate_messages_lisp
[35m[1mScanning dependencies of target lightFollower_generate_messages_py[0m
[ 85%] [34m[1mGenerating Python from MSG lightFollower/sensorMsg[0m
[ 85%] Built target lightFollower_generate_messages_cpp
[100%] [34m[1mGenerating Python msg __init__.py for lightFollower[0m
[100%] Built target lightFollower_generate_messages_py
WARNING: Package name "lightFollower" does not follow the naming conventions. It should start with a lower case letter and only contain lower case letters, digits, underscores, and dashes.
WARNING: Package name "lightFollower" does not follow the naming conventions. It should start with a lower case letter and only contain lower case letters, digits, underscores, and dashes.
WARNING: Package name "lightFollower" does not follow the naming conventions. It should start with a lower case letter and only contain lower case letters, digits, underscores, and dashes.
[100%] Built target lightFollower_generate_messages_eus
[35m[1mScanning dependencies of target lightFollower_generate_messages[0m
[100%] Built target lightFollower_generate_messages
