Determining if the pthread_create exist failed with the following output:
Change Dir: /home/vrep/MultiRobot/ros_workspace/follow2/build/CMakeFiles/CMakeTmp

Run Build Command:"/usr/bin/make" "cmTC_a29cc/fast"
/usr/bin/make -f CMakeFiles/cmTC_a29cc.dir/build.make CMakeFiles/cmTC_a29cc.dir/build
make[1]: Entering directory '/home/vrep/MultiRobot/ros_workspace/follow2/build/CMakeFiles/CMakeTmp'
Building C object CMakeFiles/cmTC_a29cc.dir/CheckSymbolExists.c.o
/usr/bin/cc    -o CMakeFiles/cmTC_a29cc.dir/CheckSymbolExists.c.o   -c /home/vrep/MultiRobot/ros_workspace/follow2/build/CMakeFiles/CMakeTmp/CheckSymbolExists.c
Linking C executable cmTC_a29cc
/usr/local/lib/python2.7/dist-packages/cmake/data/bin/cmake -E cmake_link_script CMakeFiles/cmTC_a29cc.dir/link.txt --verbose=1
/usr/bin/cc      -rdynamic CMakeFiles/cmTC_a29cc.dir/CheckSymbolExists.c.o  -o cmTC_a29cc 
CMakeFiles/cmTC_a29cc.dir/CheckSymbolExists.c.o: In function `main':
CheckSymbolExists.c:(.text+0x1b): undefined reference to `pthread_create'
collect2: error: ld returned 1 exit status
CMakeFiles/cmTC_a29cc.dir/build.make:97: recipe for target 'cmTC_a29cc' failed
make[1]: *** [cmTC_a29cc] Error 1
make[1]: Leaving directory '/home/vrep/MultiRobot/ros_workspace/follow2/build/CMakeFiles/CMakeTmp'
Makefile:126: recipe for target 'cmTC_a29cc/fast' failed
make: *** [cmTC_a29cc/fast] Error 2

File /home/vrep/MultiRobot/ros_workspace/follow2/build/CMakeFiles/CMakeTmp/CheckSymbolExists.c:
/* */
#include <pthread.h>

int main(int argc, char** argv)
{
  (void)argv;
#ifndef pthread_create
  return ((int*)(&pthread_create))[argc];
#else
  (void)argc;
  return 0;
#endif
}

Determining if the function pthread_create exists in the pthreads failed with the following output:
Change Dir: /home/vrep/MultiRobot/ros_workspace/follow2/build/CMakeFiles/CMakeTmp

Run Build Command:"/usr/bin/make" "cmTC_b785b/fast"
/usr/bin/make -f CMakeFiles/cmTC_b785b.dir/build.make CMakeFiles/cmTC_b785b.dir/build
make[1]: Entering directory '/home/vrep/MultiRobot/ros_workspace/follow2/build/CMakeFiles/CMakeTmp'
Building C object CMakeFiles/cmTC_b785b.dir/CheckFunctionExists.c.o
/usr/bin/cc   -DCHECK_FUNCTION_EXISTS=pthread_create   -o CMakeFiles/cmTC_b785b.dir/CheckFunctionExists.c.o   -c /usr/local/lib/python2.7/dist-packages/cmake/data/share/cmake-3.9/Modules/CheckFunctionExists.c
Linking C executable cmTC_b785b
/usr/local/lib/python2.7/dist-packages/cmake/data/bin/cmake -E cmake_link_script CMakeFiles/cmTC_b785b.dir/link.txt --verbose=1
/usr/bin/cc  -DCHECK_FUNCTION_EXISTS=pthread_create    -rdynamic CMakeFiles/cmTC_b785b.dir/CheckFunctionExists.c.o  -o cmTC_b785b -lpthreads 
/usr/bin/ld: cannot find -lpthreads
collect2: error: ld returned 1 exit status
CMakeFiles/cmTC_b785b.dir/build.make:97: recipe for target 'cmTC_b785b' failed
make[1]: *** [cmTC_b785b] Error 1
make[1]: Leaving directory '/home/vrep/MultiRobot/ros_workspace/follow2/build/CMakeFiles/CMakeTmp'
Makefile:126: recipe for target 'cmTC_b785b/fast' failed
make: *** [cmTC_b785b/fast] Error 2


